# run started at 2026-02-24T10:09:44.888Z
# run started at 2026-02-24T10:10:16.638Z
# run started at 2026-02-24T10:10:49.563Z
# run started at 2026-02-24T10:35:13.953Z
# run started at 2026-02-24T10:37:49.438Z
{"ts":"2026-02-24T10:38:44.250Z","step":"run_started","message":"{\"durationMs\":2200,\"tickMs\":100}"}
{"ts":"2026-02-24T10:38:46.474Z","step":"run_completed","message":"{\"durationMs\":2200,\"tickMs\":100,\"loopCount\":22,\"errorCount\":0,\"logPath\":\"/Users/seokjin/dev/tutorial/bhc-c-main/tmp/qa-play-errors.log\"}"}
{"ts":"2026-02-24T10:40:54.494Z","step":"run_started","message":"{\"durationMs\":550,\"tickMs\":50,\"heartbeatIntervalMs\":200}"}
{"ts":"2026-02-24T10:40:54.649Z","step":"heartbeat","message":"{\"loopCount\":4,\"errorCount\":0,\"elapsedMs\":154}"}
{"ts":"2026-02-24T10:40:54.855Z","step":"heartbeat","message":"{\"loopCount\":8,\"errorCount\":0,\"elapsedMs\":360}"}
{"ts":"2026-02-24T10:40:55.059Z","step":"run_completed","message":"{\"durationMs\":550,\"tickMs\":50,\"loopCount\":11,\"errorCount\":0,\"logPath\":\"/Users/seokjin/dev/tutorial/bhc-c-main/tmp/qa-play-errors.log\"}"}
{"ts":"2026-02-24T10:41:42.541Z","step":"run_started","message":"{\"durationMs\":600,\"tickMs\":60,\"heartbeatIntervalMs\":180}"}
{"ts":"2026-02-24T10:41:42.667Z","step":"heartbeat","message":"{\"loopCount\":3,\"errorCount\":0,\"elapsedMs\":123}"}
{"ts":"2026-02-24T10:41:42.852Z","step":"heartbeat","message":"{\"loopCount\":6,\"errorCount\":0,\"elapsedMs\":308}"}
{"ts":"2026-02-24T10:41:43.037Z","step":"heartbeat","message":"{\"loopCount\":9,\"errorCount\":0,\"elapsedMs\":493}"}
{"ts":"2026-02-24T10:41:43.161Z","step":"run_completed","message":"{\"durationMs\":600,\"tickMs\":60,\"loopCount\":10,\"errorCount\":0,\"logPath\":\"/Users/seokjin/dev/tutorial/bhc-c-main/tmp/qa-play-errors.log\"}"}
{"ts":"2026-02-24T10:50:00.659Z","step":"run_started","message":"{\"durationMs\":800,\"tickMs\":100,\"heartbeatIntervalMs\":60000}"}
{"ts":"2026-02-24T10:50:01.470Z","step":"run_completed","message":"{\"durationMs\":800,\"tickMs\":100,\"loopCount\":8,\"errorCount\":0,\"logPath\":\"/Users/seokjin/dev/tutorial/bhc-c-main/tmp/qa-play-errors.log\"}"}
{"ts":"2026-02-24T10:51:18.130Z","step":"run_started","message":"{\"durationMs\":600,\"tickMs\":100,\"heartbeatIntervalMs\":60000}"}
{"ts":"2026-02-24T10:51:18.740Z","step":"run_completed","message":"{\"durationMs\":600,\"tickMs\":100,\"loopCount\":6,\"errorCount\":0,\"logPath\":\"/Users/seokjin/dev/tutorial/bhc-c-main/tmp/qa-play-errors.log\"}"}
{"ts":"2026-02-24T10:53:22.200Z","step":"run_started","message":"{\"durationMs\":700,\"tickMs\":100,\"heartbeatIntervalMs\":60000}"}
{"ts":"2026-02-24T10:53:22.909Z","step":"run_completed","message":"{\"durationMs\":700,\"tickMs\":100,\"loopCount\":7,\"errorCount\":0,\"logPath\":\"/Users/seokjin/dev/tutorial/bhc-c-main/tmp/qa-play-errors.log\"}"}
{"ts":"2026-02-24T10:53:47.455Z","step":"run_started","message":"{\"durationMs\":700,\"tickMs\":100,\"heartbeatIntervalMs\":60000}"}
{"ts":"2026-02-24T10:53:48.166Z","step":"run_completed","message":"{\"durationMs\":700,\"tickMs\":100,\"loopCount\":7,\"errorCount\":0,\"logPath\":\"/Users/seokjin/dev/tutorial/bhc-c-main/tmp/qa-play-errors.log\"}"}
{"ts":"2026-02-24T10:55:32.754Z","step":"run_started","message":"{\"durationMs\":650,\"tickMs\":100,\"heartbeatIntervalMs\":60000}"}
{"ts":"2026-02-24T10:55:33.466Z","step":"run_completed","message":"{\"durationMs\":650,\"tickMs\":100,\"loopCount\":7,\"errorCount\":0,\"logPath\":\"/Users/seokjin/dev/tutorial/bhc-c-main/tmp/qa-play-errors.log\"}"}
{"ts":"2026-02-24T10:57:11.890Z","step":"run_started","message":"{\"durationMs\":650,\"tickMs\":100,\"heartbeatIntervalMs\":60000}"}
{"ts":"2026-02-24T10:57:12.604Z","step":"run_completed","message":"{\"durationMs\":650,\"tickMs\":100,\"loopCount\":7,\"errorCount\":0,\"logPath\":\"/Users/seokjin/dev/tutorial/bhc-c-main/tmp/qa-play-errors.log\"}"}
{"ts":"2026-02-24T10:58:41.665Z","step":"run_started","message":"{\"durationMs\":700,\"tickMs\":100,\"heartbeatIntervalMs\":60000}"}
{"ts":"2026-02-24T10:58:42.375Z","step":"run_completed","message":"{\"durationMs\":700,\"tickMs\":100,\"loopCount\":7,\"errorCount\":0,\"logPath\":\"/Users/seokjin/dev/tutorial/bhc-c-main/tmp/qa-play-errors.log\"}"}
{"ts":"2026-02-24T10:59:50.282Z","step":"run_started","message":"{\"durationMs\":600,\"tickMs\":100,\"heartbeatIntervalMs\":60000}"}
{"ts":"2026-02-24T10:59:50.889Z","step":"run_completed","message":"{\"durationMs\":600,\"tickMs\":100,\"loopCount\":6,\"errorCount\":0,\"logPath\":\"/Users/seokjin/dev/tutorial/bhc-c-main/tmp/qa-play-errors.log\"}"}
{"ts":"2026-02-24T11:02:05.136Z","step":"run_started","message":"{\"durationMs\":600,\"tickMs\":100,\"heartbeatIntervalMs\":60000}"}
{"ts":"2026-02-24T11:02:05.744Z","step":"run_completed","message":"{\"durationMs\":600,\"tickMs\":100,\"loopCount\":6,\"errorCount\":0,\"logPath\":\"/Users/seokjin/dev/tutorial/bhc-c-main/tmp/qa-play-errors.log\"}"}
{"ts":"2026-02-24T11:04:31.083Z","step":"run_started","message":"{\"durationMs\":500,\"tickMs\":100,\"heartbeatIntervalMs\":60000}"}
{"ts":"2026-02-24T11:04:31.589Z","step":"run_completed","message":"{\"durationMs\":500,\"tickMs\":100,\"loopCount\":5,\"errorCount\":0,\"logPath\":\"/Users/seokjin/dev/tutorial/bhc-c-main/tmp/qa-play-errors.log\"}"}
{"ts":"2026-02-24T11:14:48.231Z","step":"run_started","message":"{\"durationMs\":500,\"tickMs\":100,\"heartbeatIntervalMs\":60000}"}
{"ts":"2026-02-24T11:14:48.739Z","step":"run_completed","message":"{\"durationMs\":500,\"tickMs\":100,\"loopCount\":5,\"errorCount\":0,\"logPath\":\"/Users/seokjin/dev/tutorial/bhc-c-main/tmp/qa-play-errors.log\"}"}
{"ts":"2026-02-24T11:21:32.880Z","step":"run_started","message":"{\"durationMs\":500,\"tickMs\":100,\"heartbeatIntervalMs\":60000}"}
{"ts":"2026-02-24T11:21:33.387Z","step":"run_completed","message":"{\"durationMs\":500,\"tickMs\":100,\"loopCount\":5,\"errorCount\":0,\"logPath\":\"/Users/seokjin/dev/tutorial/bhc-c-main/tmp/qa-play-errors.log\"}"}
